{
  "0 debug pnpm:scope": {
    "selected": 1
  },
  "1 debug pnpm:package-manifest": {
    "initial": {
      "private": true,
      "name": "sveltekit",
      "version": "0.0.1",
      "scripts": {
        "dev": "svelte-kit dev",
        "build": "svelte-kit build",
        "package": "svelte-kit package",
        "preview": "svelte-kit preview"
      },
      "devDependencies": {
        "@firebase/app-compat": "^0.1.22",
        "@firebase/app-types": "^0.7.0",
        "@sveltejs/adapter-auto": "next",
        "@sveltejs/kit": "next",
        "autoprefixer": "^10.4.4",
        "postcss": "^8.4.12",
        "postcss-load-config": "^3.1.4",
        "postcss-preset-env": "^7.5.0",
        "svelte": "^3.46.0",
        "svelte-preprocess": "^4.10.5"
      },
      "type": "module",
      "dependencies": {
        "@fontsource/fira-mono": "^4.5.0",
        "@lukeed/uuid": "^2.0.0",
        "cookie": "^0.4.1",
        "firebase": "^9.6.11",
        "firebase-admin": "^10.0.2",
        "nodemailer": "^6.7.3"
      }
    },
    "prefix": "C:\\Users\\coola\\Desktop\\gm-parts"
  },
  "2 warn pnpm:lockfile": {
    "message": "Your pnpm-lock.yaml was generated by a newer version of pnpm. It is a compatible version but it might get downgraded to version 5.3",
    "prefix": "C:\\Users\\coola\\Desktop\\gm-parts"
  },
  "3 debug pnpm:context": {
    "currentLockfileExists": false,
    "storeDir": "C:\\Users\\coola\\.pnpm-store\\v3",
    "virtualStoreDir": "C:\\Users\\coola\\Desktop\\gm-parts\\node_modules\\.pnpm"
  },
  "4 debug pnpm:stage": {
    "prefix": "C:\\Users\\coola\\Desktop\\gm-parts",
    "stage": "resolution_started"
  },
  "5 debug pnpm:_dependency_resolved": {
    "resolution": "registry.npmjs.org/@firebase/app-compat/0.1.22",
    "wanted": {
      "dependentId": ".",
      "name": "@firebase/app-compat",
      "rawSpec": "^0.1.22"
    }
  },
  "6 debug pnpm:_dependency_resolved": {
    "resolution": "registry.npmjs.org/@firebase/app-types/0.7.0",
    "wanted": {
      "dependentId": ".",
      "name": "@firebase/app-types",
      "rawSpec": "^0.7.0"
    }
  },
  "7 debug pnpm:_dependency_resolved": {
    "resolution": "registry.npmjs.org/autoprefixer/10.4.4",
    "wanted": {
      "dependentId": ".",
      "name": "autoprefixer",
      "rawSpec": "^10.4.4"
    }
  },
  "8 debug pnpm:_dependency_resolved": {
    "resolution": "registry.npmjs.org/postcss/8.4.12",
    "wanted": {
      "dependentId": ".",
      "name": "postcss",
      "rawSpec": "^8.4.12"
    }
  },
  "9 debug pnpm:_dependency_resolved": {
    "resolution": "registry.npmjs.org/postcss-load-config/3.1.4",
    "wanted": {
      "dependentId": ".",
      "name": "postcss-load-config",
      "rawSpec": "^3.1.4"
    }
  },
  "10 debug pnpm:_dependency_resolved": {
    "resolution": "registry.npmjs.org/postcss-preset-env/7.5.0",
    "wanted": {
      "dependentId": ".",
      "name": "postcss-preset-env",
      "rawSpec": "^7.5.0"
    }
  },
  "11 debug pnpm:_dependency_resolved": {
    "resolution": "registry.npmjs.org/svelte/3.47.0",
    "wanted": {
      "dependentId": ".",
      "name": "svelte",
      "rawSpec": "^3.46.0"
    }
  },
  "12 debug pnpm:_dependency_resolved": {
    "resolution": "registry.npmjs.org/svelte-preprocess/4.10.6",
    "wanted": {
      "dependentId": ".",
      "name": "svelte-preprocess",
      "rawSpec": "^4.10.5"
    }
  },
  "13 debug pnpm:_dependency_resolved": {
    "resolution": "registry.npmjs.org/@fontsource/fira-mono/4.5.7",
    "wanted": {
      "dependentId": ".",
      "name": "@fontsource/fira-mono",
      "rawSpec": "^4.5.0"
    }
  },
  "14 debug pnpm:_dependency_resolved": {
    "resolution": "registry.npmjs.org/@lukeed/uuid/2.0.0",
    "wanted": {
      "dependentId": ".",
      "name": "@lukeed/uuid",
      "rawSpec": "^2.0.0"
    }
  },
  "15 debug pnpm:_dependency_resolved": {
    "resolution": "registry.npmjs.org/cookie/0.4.2",
    "wanted": {
      "dependentId": ".",
      "name": "cookie",
      "rawSpec": "^0.4.1"
    }
  },
  "16 debug pnpm:_dependency_resolved": {
    "resolution": "registry.npmjs.org/firebase/9.6.11",
    "wanted": {
      "dependentId": ".",
      "name": "firebase",
      "rawSpec": "^9.6.11"
    }
  },
  "17 debug pnpm:_dependency_resolved": {
    "resolution": "registry.npmjs.org/firebase-admin/10.0.2",
    "wanted": {
      "dependentId": ".",
      "name": "firebase-admin",
      "rawSpec": "^10.0.2"
    }
  },
  "18 debug pnpm:_dependency_resolved": {
    "resolution": "registry.npmjs.org/nodemailer/6.7.3",
    "wanted": {
      "dependentId": ".",
      "name": "nodemailer",
      "rawSpec": "^6.7.3"
    }
  },
  "19 debug pnpm:progress": {
    "packageId": "registry.npmjs.org/@firebase/app-types/0.7.0",
    "requester": "C:\\Users\\coola\\Desktop\\gm-parts",
    "status": "found_in_store"
  },
  "20 debug pnpm:progress": {
    "packageId": "registry.npmjs.org/@firebase/app-types/0.7.0",
    "requester": "C:\\Users\\coola\\Desktop\\gm-parts",
    "status": "resolved"
  },
  "21 debug pnpm:progress": {
    "packageId": "registry.npmjs.org/@lukeed/uuid/2.0.0",
    "requester": "C:\\Users\\coola\\Desktop\\gm-parts",
    "status": "found_in_store"
  },
  "22 debug pnpm:progress": {
    "packageId": "registry.npmjs.org/@lukeed/uuid/2.0.0",
    "requester": "C:\\Users\\coola\\Desktop\\gm-parts",
    "status": "resolved"
  },
  "23 debug pnpm:fetching-progress": {
    "attempt": 1,
    "packageId": "registry.npmjs.org/cookie/0.4.2",
    "size": 6986,
    "status": "started"
  },
  "24 debug pnpm:fetching-progress": {
    "attempt": 1,
    "packageId": "registry.npmjs.org/firebase-admin/10.0.2",
    "size": 209933,
    "status": "started"
  },
  "25 debug pnpm:fetching-progress": {
    "attempt": 1,
    "packageId": "registry.npmjs.org/svelte-preprocess/4.10.6",
    "size": 22930,
    "status": "started"
  },
  "26 debug pnpm:fetching-progress": {
    "attempt": 1,
    "packageId": "registry.npmjs.org/firebase/9.6.11",
    "size": 5678716,
    "status": "started"
  },
  "27 debug pnpm:fetching-progress": {
    "downloaded": 787,
    "packageId": "registry.npmjs.org/firebase/9.6.11",
    "status": "in_progress"
  },
  "28 debug pnpm:fetching-progress": {
    "downloaded": 2156,
    "packageId": "registry.npmjs.org/firebase/9.6.11",
    "status": "in_progress"
  },
  "29 debug pnpm:fetching-progress": {
    "downloaded": 3525,
    "packageId": "registry.npmjs.org/firebase/9.6.11",
    "status": "in_progress"
  },
  "30 debug pnpm:progress": {
    "packageId": "registry.npmjs.org/cookie/0.4.2",
    "requester": "C:\\Users\\coola\\Desktop\\gm-parts",
    "status": "resolved"
  },
  "31 debug pnpm:progress": {
    "packageId": "registry.npmjs.org/svelte-preprocess/4.10.6",
    "requester": "C:\\Users\\coola\\Desktop\\gm-parts",
    "status": "resolved"
  },
  "32 debug pnpm:progress": {
    "packageId": "registry.npmjs.org/cookie/0.4.2",
    "requester": "C:\\Users\\coola\\Desktop\\gm-parts",
    "status": "fetched"
  },
  "33 debug pnpm:progress": {
    "packageId": "registry.npmjs.org/svelte-preprocess/4.10.6",
    "requester": "C:\\Users\\coola\\Desktop\\gm-parts",
    "status": "fetched"
  },
  "34 debug pnpm:fetching-progress": {
    "downloaded": 4894,
    "packageId": "registry.npmjs.org/firebase/9.6.11",
    "status": "in_progress"
  },
  "35 debug pnpm:fetching-progress": {
    "downloaded": 6263,
    "packageId": "registry.npmjs.org/firebase/9.6.11",
    "status": "in_progress"
  },
  "36 debug pnpm:fetching-progress": {
    "downloaded": 7632,
    "packageId": "registry.npmjs.org/firebase/9.6.11",
    "status": "in_progress"
  },
  "37 debug pnpm:fetching-progress": {
    "downloaded": 9001,
    "packageId": "registry.npmjs.org/firebase/9.6.11",
    "status": "in_progress"
  },
  "38 debug pnpm:fetching-progress": {
    "downloaded": 10370,
    "packageId": "registry.npmjs.org/firebase/9.6.11",
    "status": "in_progress"
  },
  "39 debug pnpm:fetching-progress": {
    "downloaded": 11739,
    "packageId": "registry.npmjs.org/firebase/9.6.11",
    "status": "in_progress"
  },
  "40 debug pnpm:fetching-progress": {
    "downloaded": 13108,
    "packageId": "registry.npmjs.org/firebase/9.6.11",
    "status": "in_progress"
  },
  "41 debug pnpm:fetching-progress": {
    "downloaded": 14477,
    "packageId": "registry.npmjs.org/firebase/9.6.11",
    "status": "in_progress"
  },
  "42 debug pnpm:fetching-progress": {
    "downloaded": 15846,
    "packageId": "registry.npmjs.org/firebase/9.6.11",
    "status": "in_progress"
  },
  "43 debug pnpm:fetching-progress": {
    "downloaded": 17215,
    "packageId": "registry.npmjs.org/firebase/9.6.11",
    "status": "in_progress"
  },
  "44 debug pnpm:fetching-progress": {
    "downloaded": 18584,
    "packageId": "registry.npmjs.org/firebase/9.6.11",
    "status": "in_progress"
  },
  "45 debug pnpm:fetching-progress": {
    "downloaded": 19953,
    "packageId": "registry.npmjs.org/firebase/9.6.11",
    "status": "in_progress"
  },
  "46 debug pnpm:fetching-progress": {
    "downloaded": 21322,
    "packageId": "registry.npmjs.org/firebase/9.6.11",
    "status": "in_progress"
  },
  "47 debug pnpm:fetching-progress": {
    "downloaded": 22691,
    "packageId": "registry.npmjs.org/firebase/9.6.11",
    "status": "in_progress"
  },
  "48 debug pnpm:fetching-progress": {
    "downloaded": 24060,
    "packageId": "registry.npmjs.org/firebase/9.6.11",
    "status": "in_progress"
  },
  "49 debug pnpm:fetching-progress": {
    "downloaded": 25429,
    "packageId": "registry.npmjs.org/firebase/9.6.11",
    "status": "in_progress"
  },
  "50 debug pnpm:fetching-progress": {
    "downloaded": 26798,
    "packageId": "registry.npmjs.org/firebase/9.6.11",
    "status": "in_progress"
  },
  "51 debug pnpm:fetching-progress": {
    "downloaded": 28167,
    "packageId": "registry.npmjs.org/firebase/9.6.11",
    "status": "in_progress"
  },
  "52 debug pnpm:fetching-progress": {
    "downloaded": 29536,
    "packageId": "registry.npmjs.org/firebase/9.6.11",
    "status": "in_progress"
  },
  "53 debug pnpm:fetching-progress": {
    "downloaded": 30905,
    "packageId": "registry.npmjs.org/firebase/9.6.11",
    "status": "in_progress"
  },
  "54 debug pnpm:fetching-progress": {
    "downloaded": 32117,
    "packageId": "registry.npmjs.org/firebase/9.6.11",
    "status": "in_progress"
  },
  "55 debug pnpm:fetching-progress": {
    "downloaded": 33486,
    "packageId": "registry.npmjs.org/firebase/9.6.11",
    "status": "in_progress"
  },
  "56 debug pnpm:fetching-progress": {
    "downloaded": 34855,
    "packageId": "registry.npmjs.org/firebase/9.6.11",
    "status": "in_progress"
  },
  "57 debug pnpm:fetching-progress": {
    "downloaded": 36224,
    "packageId": "registry.npmjs.org/firebase/9.6.11",
    "status": "in_progress"
  },
  "58 debug pnpm:fetching-progress": {
    "downloaded": 37593,
    "packageId": "registry.npmjs.org/firebase/9.6.11",
    "status": "in_progress"
  },
  "59 debug pnpm:fetching-progress": {
    "downloaded": 38962,
    "packageId": "registry.npmjs.org/firebase/9.6.11",
    "status": "in_progress"
  },
  "60 debug pnpm:fetching-progress": {
    "downloaded": 40331,
    "packageId": "registry.npmjs.org/firebase/9.6.11",
    "status": "in_progress"
  },
  "61 debug pnpm:fetching-progress": {
    "downloaded": 41700,
    "packageId": "registry.npmjs.org/firebase/9.6.11",
    "status": "in_progress"
  },
  "62 debug pnpm:fetching-progress": {
    "downloaded": 43069,
    "packageId": "registry.npmjs.org/firebase/9.6.11",
    "status": "in_progress"
  },
  "63 debug pnpm:fetching-progress": {
    "downloaded": 44438,
    "packageId": "registry.npmjs.org/firebase/9.6.11",
    "status": "in_progress"
  },
  "64 debug pnpm:fetching-progress": {
    "downloaded": 45807,
    "packageId": "registry.npmjs.org/firebase/9.6.11",
    "status": "in_progress"
  },
  "65 debug pnpm:fetching-progress": {
    "downloaded": 47176,
    "packageId": "registry.npmjs.org/firebase/9.6.11",
    "status": "in_progress"
  },
  "66 debug pnpm:fetching-progress": {
    "downloaded": 48545,
    "packageId": "registry.npmjs.org/firebase/9.6.11",
    "status": "in_progress"
  },
  "67 debug pnpm:fetching-progress": {
    "downloaded": 49914,
    "packageId": "registry.npmjs.org/firebase/9.6.11",
    "status": "in_progress"
  },
  "68 debug pnpm:fetching-progress": {
    "downloaded": 51283,
    "packageId": "registry.npmjs.org/firebase/9.6.11",
    "status": "in_progress"
  },
  "69 debug pnpm:fetching-progress": {
    "downloaded": 52652,
    "packageId": "registry.npmjs.org/firebase/9.6.11",
    "status": "in_progress"
  },
  "70 debug pnpm:fetching-progress": {
    "downloaded": 54021,
    "packageId": "registry.npmjs.org/firebase/9.6.11",
    "status": "in_progress"
  },
  "71 debug pnpm:fetching-progress": {
    "downloaded": 55390,
    "packageId": "registry.npmjs.org/firebase/9.6.11",
    "status": "in_progress"
  },
  "72 debug pnpm:fetching-progress": {
    "downloaded": 59619,
    "packageId": "registry.npmjs.org/firebase/9.6.11",
    "status": "in_progress"
  },
  "73 debug pnpm:fetching-progress": {
    "downloaded": 63848,
    "packageId": "registry.npmjs.org/firebase/9.6.11",
    "status": "in_progress"
  },
  "74 debug pnpm:fetching-progress": {
    "downloaded": 64885,
    "packageId": "registry.npmjs.org/firebase/9.6.11",
    "status": "in_progress"
  },
  "75 debug pnpm:fetching-progress": {
    "downloaded": 69114,
    "packageId": "registry.npmjs.org/firebase/9.6.11",
    "status": "in_progress"
  },
  "76 debug pnpm:fetching-progress": {
    "downloaded": 73343,
    "packageId": "registry.npmjs.org/firebase/9.6.11",
    "status": "in_progress"
  },
  "77 debug pnpm:fetching-progress": {
    "downloaded": 77572,
    "packageId": "registry.npmjs.org/firebase/9.6.11",
    "status": "in_progress"
  },
  "78 debug pnpm:fetching-progress": {
    "downloaded": 81801,
    "packageId": "registry.npmjs.org/firebase/9.6.11",
    "status": "in_progress"
  },
  "79 debug pnpm:fetching-progress": {
    "downloaded": 86030,
    "packageId": "registry.npmjs.org/firebase/9.6.11",
    "status": "in_progress"
  },
  "80 debug pnpm:fetching-progress": {
    "downloaded": 90259,
    "packageId": "registry.npmjs.org/firebase/9.6.11",
    "status": "in_progress"
  },
  "81 debug pnpm:fetching-progress": {
    "downloaded": 94488,
    "packageId": "registry.npmjs.org/firebase/9.6.11",
    "status": "in_progress"
  },
  "82 debug pnpm:fetching-progress": {
    "downloaded": 97653,
    "packageId": "registry.npmjs.org/firebase/9.6.11",
    "status": "in_progress"
  },
  "83 debug pnpm:fetching-progress": {
    "downloaded": 101882,
    "packageId": "registry.npmjs.org/firebase/9.6.11",
    "status": "in_progress"
  },
  "84 debug pnpm:fetching-progress": {
    "downloaded": 106111,
    "packageId": "registry.npmjs.org/firebase/9.6.11",
    "status": "in_progress"
  },
  "85 debug pnpm:fetching-progress": {
    "downloaded": 110340,
    "packageId": "registry.npmjs.org/firebase/9.6.11",
    "status": "in_progress"
  },
  "86 debug pnpm:fetching-progress": {
    "downloaded": 114569,
    "packageId": "registry.npmjs.org/firebase/9.6.11",
    "status": "in_progress"
  },
  "87 debug pnpm:fetching-progress": {
    "downloaded": 118798,
    "packageId": "registry.npmjs.org/firebase/9.6.11",
    "status": "in_progress"
  },
  "88 debug pnpm:fetching-progress": {
    "downloaded": 123027,
    "packageId": "registry.npmjs.org/firebase/9.6.11",
    "status": "in_progress"
  },
  "89 debug pnpm:fetching-progress": {
    "downloaded": 127256,
    "packageId": "registry.npmjs.org/firebase/9.6.11",
    "status": "in_progress"
  },
  "90 debug pnpm:fetching-progress": {
    "downloaded": 130421,
    "packageId": "registry.npmjs.org/firebase/9.6.11",
    "status": "in_progress"
  },
  "91 debug pnpm:fetching-progress": {
    "downloaded": 134650,
    "packageId": "registry.npmjs.org/firebase/9.6.11",
    "status": "in_progress"
  },
  "92 debug pnpm:fetching-progress": {
    "downloaded": 138879,
    "packageId": "registry.npmjs.org/firebase/9.6.11",
    "status": "in_progress"
  },
  "93 debug pnpm:fetching-progress": {
    "downloaded": 143108,
    "packageId": "registry.npmjs.org/firebase/9.6.11",
    "status": "in_progress"
  },
  "94 debug pnpm:fetching-progress": {
    "downloaded": 147337,
    "packageId": "registry.npmjs.org/firebase/9.6.11",
    "status": "in_progress"
  },
  "95 debug pnpm:fetching-progress": {
    "downloaded": 151566,
    "packageId": "registry.npmjs.org/firebase/9.6.11",
    "status": "in_progress"
  },
  "96 debug pnpm:fetching-progress": {
    "downloaded": 155795,
    "packageId": "registry.npmjs.org/firebase/9.6.11",
    "status": "in_progress"
  },
  "97 debug pnpm:fetching-progress": {
    "downloaded": 160024,
    "packageId": "registry.npmjs.org/firebase/9.6.11",
    "status": "in_progress"
  },
  "98 debug pnpm:fetching-progress": {
    "downloaded": 163189,
    "packageId": "registry.npmjs.org/firebase/9.6.11",
    "status": "in_progress"
  },
  "99 debug pnpm:fetching-progress": {
    "downloaded": 167418,
    "packageId": "registry.npmjs.org/firebase/9.6.11",
    "status": "in_progress"
  },
  "100 debug pnpm:fetching-progress": {
    "downloaded": 171647,
    "packageId": "registry.npmjs.org/firebase/9.6.11",
    "status": "in_progress"
  },
  "101 debug pnpm:fetching-progress": {
    "downloaded": 175876,
    "packageId": "registry.npmjs.org/firebase/9.6.11",
    "status": "in_progress"
  },
  "102 debug pnpm:fetching-progress": {
    "downloaded": 180105,
    "packageId": "registry.npmjs.org/firebase/9.6.11",
    "status": "in_progress"
  },
  "103 debug pnpm:fetching-progress": {
    "downloaded": 184334,
    "packageId": "registry.npmjs.org/firebase/9.6.11",
    "status": "in_progress"
  },
  "104 debug pnpm:fetching-progress": {
    "downloaded": 188563,
    "packageId": "registry.npmjs.org/firebase/9.6.11",
    "status": "in_progress"
  },
  "105 debug pnpm:fetching-progress": {
    "downloaded": 192792,
    "packageId": "registry.npmjs.org/firebase/9.6.11",
    "status": "in_progress"
  },
  "106 debug pnpm:fetching-progress": {
    "downloaded": 195957,
    "packageId": "registry.npmjs.org/firebase/9.6.11",
    "status": "in_progress"
  },
  "107 debug pnpm:fetching-progress": {
    "downloaded": 200186,
    "packageId": "registry.npmjs.org/firebase/9.6.11",
    "status": "in_progress"
  },
  "108 debug pnpm:fetching-progress": {
    "downloaded": 204415,
    "packageId": "registry.npmjs.org/firebase/9.6.11",
    "status": "in_progress"
  },
  "109 debug pnpm:fetching-progress": {
    "downloaded": 208644,
    "packageId": "registry.npmjs.org/firebase/9.6.11",
    "status": "in_progress"
  },
  "110 debug pnpm:fetching-progress": {
    "attempt": 1,
    "packageId": "registry.npmjs.org/nodemailer/6.7.3",
    "size": 107421,
    "status": "started"
  },
  "111 debug pnpm:fetching-progress": {
    "attempt": 1,
    "packageId": "registry.npmjs.org/postcss-load-config/3.1.4",
    "size": 7058,
    "status": "started"
  },
  "112 debug pnpm:fetching-progress": {
    "downloaded": 212873,
    "packageId": "registry.npmjs.org/firebase/9.6.11",
    "status": "in_progress"
  },
  "113 debug pnpm:progress": {
    "packageId": "registry.npmjs.org/postcss-load-config/3.1.4",
    "requester": "C:\\Users\\coola\\Desktop\\gm-parts",
    "status": "resolved"
  },
  "114 debug pnpm:fetching-progress": {
    "downloaded": 217102,
    "packageId": "registry.npmjs.org/firebase/9.6.11",
    "status": "in_progress"
  },
  "115 debug pnpm:fetching-progress": {
    "downloaded": 228725,
    "packageId": "registry.npmjs.org/firebase/9.6.11",
    "status": "in_progress"
  },
  "116 debug pnpm:fetching-progress": {
    "downloaded": 245109,
    "packageId": "registry.npmjs.org/firebase/9.6.11",
    "status": "in_progress"
  },
  "117 debug pnpm:fetching-progress": {
    "downloaded": 261493,
    "packageId": "registry.npmjs.org/firebase/9.6.11",
    "status": "in_progress"
  },
  "118 debug pnpm:progress": {
    "packageId": "registry.npmjs.org/postcss-load-config/3.1.4",
    "requester": "C:\\Users\\coola\\Desktop\\gm-parts",
    "status": "fetched"
  },
  "119 debug pnpm:fetching-progress": {
    "downloaded": 277877,
    "packageId": "registry.npmjs.org/firebase/9.6.11",
    "status": "in_progress"
  },
  "120 debug pnpm:fetching-progress": {
    "downloaded": 294261,
    "packageId": "registry.npmjs.org/firebase/9.6.11",
    "status": "in_progress"
  },
  "121 debug pnpm:fetching-progress": {
    "downloaded": 310645,
    "packageId": "registry.npmjs.org/firebase/9.6.11",
    "status": "in_progress"
  },
  "122 debug pnpm:fetching-progress": {
    "downloaded": 327029,
    "packageId": "registry.npmjs.org/firebase/9.6.11",
    "status": "in_progress"
  },
  "123 debug pnpm:fetching-progress": {
    "downloaded": 343413,
    "packageId": "registry.npmjs.org/firebase/9.6.11",
    "status": "in_progress"
  },
  "124 debug pnpm:fetching-progress": {
    "downloaded": 359797,
    "packageId": "registry.npmjs.org/firebase/9.6.11",
    "status": "in_progress"
  },
  "125 debug pnpm:fetching-progress": {
    "downloaded": 376181,
    "packageId": "registry.npmjs.org/firebase/9.6.11",
    "status": "in_progress"
  },
  "126 debug pnpm:fetching-progress": {
    "downloaded": 392565,
    "packageId": "registry.npmjs.org/firebase/9.6.11",
    "status": "in_progress"
  },
  "127 debug pnpm:fetching-progress": {
    "downloaded": 408949,
    "packageId": "registry.npmjs.org/firebase/9.6.11",
    "status": "in_progress"
  },
  "128 debug pnpm:fetching-progress": {
    "downloaded": 425333,
    "packageId": "registry.npmjs.org/firebase/9.6.11",
    "status": "in_progress"
  },
  "129 debug pnpm:fetching-progress": {
    "downloaded": 441717,
    "packageId": "registry.npmjs.org/firebase/9.6.11",
    "status": "in_progress"
  },
  "130 debug pnpm:fetching-progress": {
    "downloaded": 458101,
    "packageId": "registry.npmjs.org/firebase/9.6.11",
    "status": "in_progress"
  },
  "131 debug pnpm:fetching-progress": {
    "downloaded": 474485,
    "packageId": "registry.npmjs.org/firebase/9.6.11",
    "status": "in_progress"
  },
  "132 debug pnpm:fetching-progress": {
    "downloaded": 490869,
    "packageId": "registry.npmjs.org/firebase/9.6.11",
    "status": "in_progress"
  },
  "133 debug pnpm:fetching-progress": {
    "downloaded": 507253,
    "packageId": "registry.npmjs.org/firebase/9.6.11",
    "status": "in_progress"
  },
  "134 debug pnpm:fetching-progress": {
    "downloaded": 523637,
    "packageId": "registry.npmjs.org/firebase/9.6.11",
    "status": "in_progress"
  },
  "135 debug pnpm:fetching-progress": {
    "downloaded": 540021,
    "packageId": "registry.npmjs.org/firebase/9.6.11",
    "status": "in_progress"
  },
  "136 debug pnpm:fetching-progress": {
    "downloaded": 556405,
    "packageId": "registry.npmjs.org/firebase/9.6.11",
    "status": "in_progress"
  },
  "137 debug pnpm:fetching-progress": {
    "attempt": 1,
    "packageId": "registry.npmjs.org/@firebase/app-compat/0.1.22",
    "size": 23441,
    "status": "started"
  },
  "138 debug pnpm:fetching-progress": {
    "downloaded": 572789,
    "packageId": "registry.npmjs.org/firebase/9.6.11",
    "status": "in_progress"
  },
  "139 debug pnpm:fetching-progress": {
    "downloaded": 589173,
    "packageId": "registry.npmjs.org/firebase/9.6.11",
    "status": "in_progress"
  },
  "140 debug pnpm:fetching-progress": {
    "downloaded": 605557,
    "packageId": "registry.npmjs.org/firebase/9.6.11",
    "status": "in_progress"
  },
  "141 debug pnpm:fetching-progress": {
    "downloaded": 621941,
    "packageId": "registry.npmjs.org/firebase/9.6.11",
    "status": "in_progress"
  },
  "142 debug pnpm:fetching-progress": {
    "downloaded": 638325,
    "packageId": "registry.npmjs.org/firebase/9.6.11",
    "status": "in_progress"
  },
  "143 debug pnpm:fetching-progress": {
    "downloaded": 654709,
    "packageId": "registry.npmjs.org/firebase/9.6.11",
    "status": "in_progress"
  },
  "144 debug pnpm:fetching-progress": {
    "downloaded": 671093,
    "packageId": "registry.npmjs.org/firebase/9.6.11",
    "status": "in_progress"
  },
  "145 debug pnpm:fetching-progress": {
    "downloaded": 687477,
    "packageId": "registry.npmjs.org/firebase/9.6.11",
    "status": "in_progress"
  },
  "146 debug pnpm:fetching-progress": {
    "downloaded": 703861,
    "packageId": "registry.npmjs.org/firebase/9.6.11",
    "status": "in_progress"
  },
  "147 debug pnpm:fetching-progress": {
    "downloaded": 720245,
    "packageId": "registry.npmjs.org/firebase/9.6.11",
    "status": "in_progress"
  },
  "148 debug pnpm:fetching-progress": {
    "downloaded": 736629,
    "packageId": "registry.npmjs.org/firebase/9.6.11",
    "status": "in_progress"
  },
  "149 debug pnpm:fetching-progress": {
    "downloaded": 751928,
    "packageId": "registry.npmjs.org/firebase/9.6.11",
    "status": "in_progress"
  },
  "150 debug pnpm:fetching-progress": {
    "downloaded": 768312,
    "packageId": "registry.npmjs.org/firebase/9.6.11",
    "status": "in_progress"
  },
  "151 debug pnpm:fetching-progress": {
    "downloaded": 784696,
    "packageId": "registry.npmjs.org/firebase/9.6.11",
    "status": "in_progress"
  },
  "152 debug pnpm:fetching-progress": {
    "downloaded": 801080,
    "packageId": "registry.npmjs.org/firebase/9.6.11",
    "status": "in_progress"
  },
  "153 debug pnpm:fetching-progress": {
    "downloaded": 817464,
    "packageId": "registry.npmjs.org/firebase/9.6.11",
    "status": "in_progress"
  },
  "154 debug pnpm:fetching-progress": {
    "downloaded": 833848,
    "packageId": "registry.npmjs.org/firebase/9.6.11",
    "status": "in_progress"
  },
  "155 debug pnpm:fetching-progress": {
    "downloaded": 850232,
    "packageId": "registry.npmjs.org/firebase/9.6.11",
    "status": "in_progress"
  },
  "156 debug pnpm:fetching-progress": {
    "downloaded": 866616,
    "packageId": "registry.npmjs.org/firebase/9.6.11",
    "status": "in_progress"
  },
  "157 debug pnpm:fetching-progress": {
    "downloaded": 883000,
    "packageId": "registry.npmjs.org/firebase/9.6.11",
    "status": "in_progress"
  },
  "158 debug pnpm:fetching-progress": {
    "downloaded": 899384,
    "packageId": "registry.npmjs.org/firebase/9.6.11",
    "status": "in_progress"
  },
  "159 debug pnpm:fetching-progress": {
    "downloaded": 915768,
    "packageId": "registry.npmjs.org/firebase/9.6.11",
    "status": "in_progress"
  },
  "160 debug pnpm:fetching-progress": {
    "downloaded": 932152,
    "packageId": "registry.npmjs.org/firebase/9.6.11",
    "status": "in_progress"
  },
  "161 debug pnpm:fetching-progress": {
    "downloaded": 948536,
    "packageId": "registry.npmjs.org/firebase/9.6.11",
    "status": "in_progress"
  },
  "162 debug pnpm:fetching-progress": {
    "downloaded": 964920,
    "packageId": "registry.npmjs.org/firebase/9.6.11",
    "status": "in_progress"
  },
  "163 debug pnpm:fetching-progress": {
    "downloaded": 981304,
    "packageId": "registry.npmjs.org/firebase/9.6.11",
    "status": "in_progress"
  },
  "164 debug pnpm:fetching-progress": {
    "downloaded": 997688,
    "packageId": "registry.npmjs.org/firebase/9.6.11",
    "status": "in_progress"
  },
  "165 debug pnpm:fetching-progress": {
    "downloaded": 1014072,
    "packageId": "registry.npmjs.org/firebase/9.6.11",
    "status": "in_progress"
  },
  "166 debug pnpm:fetching-progress": {
    "downloaded": 1030456,
    "packageId": "registry.npmjs.org/firebase/9.6.11",
    "status": "in_progress"
  },
  "167 debug pnpm:fetching-progress": {
    "downloaded": 1046840,
    "packageId": "registry.npmjs.org/firebase/9.6.11",
    "status": "in_progress"
  },
  "168 debug pnpm:fetching-progress": {
    "downloaded": 1063224,
    "packageId": "registry.npmjs.org/firebase/9.6.11",
    "status": "in_progress"
  },
  "169 debug pnpm:fetching-progress": {
    "downloaded": 1079608,
    "packageId": "registry.npmjs.org/firebase/9.6.11",
    "status": "in_progress"
  },
  "170 debug pnpm:fetching-progress": {
    "downloaded": 1095992,
    "packageId": "registry.npmjs.org/firebase/9.6.11",
    "status": "in_progress"
  },
  "171 debug pnpm:fetching-progress": {
    "downloaded": 1112376,
    "packageId": "registry.npmjs.org/firebase/9.6.11",
    "status": "in_progress"
  },
  "172 debug pnpm:fetching-progress": {
    "downloaded": 1128760,
    "packageId": "registry.npmjs.org/firebase/9.6.11",
    "status": "in_progress"
  },
  "173 debug pnpm:fetching-progress": {
    "downloaded": 1145144,
    "packageId": "registry.npmjs.org/firebase/9.6.11",
    "status": "in_progress"
  },
  "174 debug pnpm:fetching-progress": {
    "downloaded": 1161528,
    "packageId": "registry.npmjs.org/firebase/9.6.11",
    "status": "in_progress"
  },
  "175 debug pnpm:fetching-progress": {
    "downloaded": 1177912,
    "packageId": "registry.npmjs.org/firebase/9.6.11",
    "status": "in_progress"
  },
  "176 debug pnpm:fetching-progress": {
    "downloaded": 1194296,
    "packageId": "registry.npmjs.org/firebase/9.6.11",
    "status": "in_progress"
  },
  "177 debug pnpm:fetching-progress": {
    "downloaded": 1210680,
    "packageId": "registry.npmjs.org/firebase/9.6.11",
    "status": "in_progress"
  },
  "178 debug pnpm:fetching-progress": {
    "downloaded": 1227064,
    "packageId": "registry.npmjs.org/firebase/9.6.11",
    "status": "in_progress"
  },
  "179 debug pnpm:fetching-progress": {
    "downloaded": 1243448,
    "packageId": "registry.npmjs.org/firebase/9.6.11",
    "status": "in_progress"
  },
  "180 debug pnpm:fetching-progress": {
    "downloaded": 1259832,
    "packageId": "registry.npmjs.org/firebase/9.6.11",
    "status": "in_progress"
  },
  "181 debug pnpm:fetching-progress": {
    "downloaded": 1276216,
    "packageId": "registry.npmjs.org/firebase/9.6.11",
    "status": "in_progress"
  },
  "182 debug pnpm:fetching-progress": {
    "downloaded": 1292600,
    "packageId": "registry.npmjs.org/firebase/9.6.11",
    "status": "in_progress"
  },
  "183 debug pnpm:fetching-progress": {
    "downloaded": 1308984,
    "packageId": "registry.npmjs.org/firebase/9.6.11",
    "status": "in_progress"
  },
  "184 debug pnpm:fetching-progress": {
    "downloaded": 1325368,
    "packageId": "registry.npmjs.org/firebase/9.6.11",
    "status": "in_progress"
  },
  "185 debug pnpm:fetching-progress": {
    "downloaded": 1341752,
    "packageId": "registry.npmjs.org/firebase/9.6.11",
    "status": "in_progress"
  },
  "186 debug pnpm:fetching-progress": {
    "downloaded": 1358136,
    "packageId": "registry.npmjs.org/firebase/9.6.11",
    "status": "in_progress"
  },
  "187 debug pnpm:fetching-progress": {
    "downloaded": 1374520,
    "packageId": "registry.npmjs.org/firebase/9.6.11",
    "status": "in_progress"
  },
  "188 debug pnpm:fetching-progress": {
    "downloaded": 1390904,
    "packageId": "registry.npmjs.org/firebase/9.6.11",
    "status": "in_progress"
  },
  "189 debug pnpm:progress": {
    "packageId": "registry.npmjs.org/firebase/9.6.11",
    "requester": "C:\\Users\\coola\\Desktop\\gm-parts",
    "status": "resolved"
  },
  "190 debug pnpm:fetching-progress": {
    "downloaded": 1407288,
    "packageId": "registry.npmjs.org/firebase/9.6.11",
    "status": "in_progress"
  },
  "191 debug pnpm:fetching-progress": {
    "downloaded": 1423672,
    "packageId": "registry.npmjs.org/firebase/9.6.11",
    "status": "in_progress"
  },
  "192 debug pnpm:fetching-progress": {
    "downloaded": 1440056,
    "packageId": "registry.npmjs.org/firebase/9.6.11",
    "status": "in_progress"
  },
  "193 debug pnpm:fetching-progress": {
    "downloaded": 1456440,
    "packageId": "registry.npmjs.org/firebase/9.6.11",
    "status": "in_progress"
  },
  "194 debug pnpm:fetching-progress": {
    "downloaded": 1472824,
    "packageId": "registry.npmjs.org/firebase/9.6.11",
    "status": "in_progress"
  },
  "195 debug pnpm:fetching-progress": {
    "downloaded": 1489208,
    "packageId": "registry.npmjs.org/firebase/9.6.11",
    "status": "in_progress"
  },
  "196 debug pnpm:fetching-progress": {
    "downloaded": 1505592,
    "packageId": "registry.npmjs.org/firebase/9.6.11",
    "status": "in_progress"
  },
  "197 debug pnpm:fetching-progress": {
    "downloaded": 1521976,
    "packageId": "registry.npmjs.org/firebase/9.6.11",
    "status": "in_progress"
  },
  "198 debug pnpm:fetching-progress": {
    "downloaded": 1538360,
    "packageId": "registry.npmjs.org/firebase/9.6.11",
    "status": "in_progress"
  },
  "199 debug pnpm:fetching-progress": {
    "downloaded": 1554744,
    "packageId": "registry.npmjs.org/firebase/9.6.11",
    "status": "in_progress"
  },
  "200 debug pnpm:fetching-progress": {
    "downloaded": 1571128,
    "packageId": "registry.npmjs.org/firebase/9.6.11",
    "status": "in_progress"
  },
  "201 debug pnpm:fetching-progress": {
    "downloaded": 1587512,
    "packageId": "registry.npmjs.org/firebase/9.6.11",
    "status": "in_progress"
  },
  "202 debug pnpm:fetching-progress": {
    "downloaded": 1603896,
    "packageId": "registry.npmjs.org/firebase/9.6.11",
    "status": "in_progress"
  },
  "203 debug pnpm:fetching-progress": {
    "downloaded": 1620280,
    "packageId": "registry.npmjs.org/firebase/9.6.11",
    "status": "in_progress"
  },
  "204 debug pnpm:fetching-progress": {
    "downloaded": 1636664,
    "packageId": "registry.npmjs.org/firebase/9.6.11",
    "status": "in_progress"
  },
  "205 debug pnpm:fetching-progress": {
    "downloaded": 1653048,
    "packageId": "registry.npmjs.org/firebase/9.6.11",
    "status": "in_progress"
  },
  "206 debug pnpm:fetching-progress": {
    "downloaded": 1669432,
    "packageId": "registry.npmjs.org/firebase/9.6.11",
    "status": "in_progress"
  },
  "207 debug pnpm:fetching-progress": {
    "downloaded": 1685816,
    "packageId": "registry.npmjs.org/firebase/9.6.11",
    "status": "in_progress"
  },
  "208 debug pnpm:update-check": {
    "currentVersion": "6.25.0",
    "latestVersion": "7.1.5"
  },
  "209 debug pnpm:fetching-progress": {
    "downloaded": 1702200,
    "packageId": "registry.npmjs.org/firebase/9.6.11",
    "status": "in_progress"
  },
  "210 debug pnpm:fetching-progress": {
    "downloaded": 1718584,
    "packageId": "registry.npmjs.org/firebase/9.6.11",
    "status": "in_progress"
  },
  "211 debug pnpm:fetching-progress": {
    "downloaded": 1726776,
    "packageId": "registry.npmjs.org/firebase/9.6.11",
    "status": "in_progress"
  },
  "212 debug pnpm:fetching-progress": {
    "downloaded": 1743160,
    "packageId": "registry.npmjs.org/firebase/9.6.11",
    "status": "in_progress"
  },
  "213 debug pnpm:fetching-progress": {
    "downloaded": 1759544,
    "packageId": "registry.npmjs.org/firebase/9.6.11",
    "status": "in_progress"
  },
  "214 debug pnpm:fetching-progress": {
    "downloaded": 1775928,
    "packageId": "registry.npmjs.org/firebase/9.6.11",
    "status": "in_progress"
  },
  "215 debug pnpm:fetching-progress": {
    "downloaded": 1792312,
    "packageId": "registry.npmjs.org/firebase/9.6.11",
    "status": "in_progress"
  },
  "216 debug pnpm:fetching-progress": {
    "downloaded": 1808696,
    "packageId": "registry.npmjs.org/firebase/9.6.11",
    "status": "in_progress"
  },
  "217 debug pnpm:fetching-progress": {
    "downloaded": 1825080,
    "packageId": "registry.npmjs.org/firebase/9.6.11",
    "status": "in_progress"
  },
  "218 debug pnpm:fetching-progress": {
    "downloaded": 1841464,
    "packageId": "registry.npmjs.org/firebase/9.6.11",
    "status": "in_progress"
  },
  "219 debug pnpm:fetching-progress": {
    "downloaded": 1857848,
    "packageId": "registry.npmjs.org/firebase/9.6.11",
    "status": "in_progress"
  },
  "220 debug pnpm:fetching-progress": {
    "downloaded": 1874232,
    "packageId": "registry.npmjs.org/firebase/9.6.11",
    "status": "in_progress"
  },
  "221 debug pnpm:fetching-progress": {
    "downloaded": 1890616,
    "packageId": "registry.npmjs.org/firebase/9.6.11",
    "status": "in_progress"
  },
  "222 debug pnpm:fetching-progress": {
    "downloaded": 1907000,
    "packageId": "registry.npmjs.org/firebase/9.6.11",
    "status": "in_progress"
  },
  "223 debug pnpm:fetching-progress": {
    "downloaded": 1923384,
    "packageId": "registry.npmjs.org/firebase/9.6.11",
    "status": "in_progress"
  },
  "224 debug pnpm:fetching-progress": {
    "downloaded": 1939768,
    "packageId": "registry.npmjs.org/firebase/9.6.11",
    "status": "in_progress"
  },
  "225 debug pnpm:fetching-progress": {
    "downloaded": 1956152,
    "packageId": "registry.npmjs.org/firebase/9.6.11",
    "status": "in_progress"
  },
  "226 debug pnpm:fetching-progress": {
    "downloaded": 1972536,
    "packageId": "registry.npmjs.org/firebase/9.6.11",
    "status": "in_progress"
  },
  "227 debug pnpm:fetching-progress": {
    "downloaded": 1988920,
    "packageId": "registry.npmjs.org/firebase/9.6.11",
    "status": "in_progress"
  },
  "228 debug pnpm:fetching-progress": {
    "attempt": 1,
    "packageId": "registry.npmjs.org/autoprefixer/10.4.4",
    "size": 45618,
    "status": "started"
  },
  "229 debug pnpm:fetching-progress": {
    "attempt": 1,
    "packageId": "registry.npmjs.org/postcss-preset-env/7.5.0",
    "size": 25683,
    "status": "started"
  },
  "230 debug pnpm:fetching-progress": {
    "attempt": 1,
    "packageId": "registry.npmjs.org/postcss/8.4.12",
    "size": 43982,
    "status": "started"
  },
  "231 debug pnpm:fetching-progress": {
    "downloaded": 2005304,
    "packageId": "registry.npmjs.org/firebase/9.6.11",
    "status": "in_progress"
  },
  "232 debug pnpm:fetching-progress": {
    "downloaded": 2021688,
    "packageId": "registry.npmjs.org/firebase/9.6.11",
    "status": "in_progress"
  },
  "233 debug pnpm:fetching-progress": {
    "downloaded": 2038072,
    "packageId": "registry.npmjs.org/firebase/9.6.11",
    "status": "in_progress"
  },
  "234 debug pnpm:fetching-progress": {
    "attempt": 1,
    "packageId": "registry.npmjs.org/svelte/3.47.0",
    "size": 1423886,
    "status": "started"
  },
  "235 debug pnpm:fetching-progress": {
    "downloaded": 2054456,
    "packageId": "registry.npmjs.org/firebase/9.6.11",
    "status": "in_progress"
  },
  "236 debug pnpm:fetching-progress": {
    "downloaded": 2070840,
    "packageId": "registry.npmjs.org/firebase/9.6.11",
    "status": "in_progress"
  },
  "237 debug pnpm:progress": {
    "packageId": "registry.npmjs.org/postcss-preset-env/7.5.0",
    "requester": "C:\\Users\\coola\\Desktop\\gm-parts",
    "status": "resolved"
  },
  "238 debug pnpm:progress": {
    "packageId": "registry.npmjs.org/postcss-preset-env/7.5.0",
    "requester": "C:\\Users\\coola\\Desktop\\gm-parts",
    "status": "fetched"
  },
  "239 debug pnpm:fetching-progress": {
    "downloaded": 2087224,
    "packageId": "registry.npmjs.org/firebase/9.6.11",
    "status": "in_progress"
  },
  "240 debug pnpm:fetching-progress": {
    "downloaded": 2103608,
    "packageId": "registry.npmjs.org/firebase/9.6.11",
    "status": "in_progress"
  },
  "241 debug pnpm:progress": {
    "packageId": "registry.npmjs.org/postcss/8.4.12",
    "requester": "C:\\Users\\coola\\Desktop\\gm-parts",
    "status": "resolved"
  },
  "242 debug pnpm:progress": {
    "packageId": "registry.npmjs.org/autoprefixer/10.4.4",
    "requester": "C:\\Users\\coola\\Desktop\\gm-parts",
    "status": "resolved"
  },
  "243 debug pnpm:progress": {
    "packageId": "registry.npmjs.org/autoprefixer/10.4.4",
    "requester": "C:\\Users\\coola\\Desktop\\gm-parts",
    "status": "fetched"
  },
  "244 debug pnpm:progress": {
    "packageId": "registry.npmjs.org/postcss/8.4.12",
    "requester": "C:\\Users\\coola\\Desktop\\gm-parts",
    "status": "fetched"
  },
  "245 debug pnpm:fetching-progress": {
    "downloaded": 2119992,
    "packageId": "registry.npmjs.org/firebase/9.6.11",
    "status": "in_progress"
  },
  "246 debug pnpm:progress": {
    "packageId": "registry.npmjs.org/svelte/3.47.0",
    "requester": "C:\\Users\\coola\\Desktop\\gm-parts",
    "status": "resolved"
  },
  "247 debug pnpm:progress": {
    "packageId": "registry.npmjs.org/firebase-admin/10.0.2",
    "requester": "C:\\Users\\coola\\Desktop\\gm-parts",
    "status": "resolved"
  },
  "248 debug pnpm:progress": {
    "packageId": "registry.npmjs.org/svelte/3.47.0",
    "requester": "C:\\Users\\coola\\Desktop\\gm-parts",
    "status": "fetched"
  },
  "249 debug pnpm:fetching-progress": {
    "attempt": 1,
    "packageId": "registry.npmjs.org/@fontsource/fira-mono/4.5.7",
    "size": 958579,
    "status": "started"
  },
  "250 debug pnpm:progress": {
    "packageId": "registry.npmjs.org/@fontsource/fira-mono/4.5.7",
    "requester": "C:\\Users\\coola\\Desktop\\gm-parts",
    "status": "resolved"
  },
  "251 debug pnpm:progress": {
    "packageId": "registry.npmjs.org/firebase-admin/10.0.2",
    "requester": "C:\\Users\\coola\\Desktop\\gm-parts",
    "status": "fetched"
  },
  "252 debug pnpm:_dependency_resolved": {
    "resolution": "registry.npmjs.org/@sveltejs/adapter-auto/1.0.0-next.48",
    "wanted": {
      "dependentId": ".",
      "name": "@sveltejs/adapter-auto",
      "rawSpec": "next"
    }
  },
  "253 debug pnpm:progress": {
    "packageId": "registry.npmjs.org/@sveltejs/adapter-auto/1.0.0-next.48",
    "requester": "C:\\Users\\coola\\Desktop\\gm-parts",
    "status": "resolved"
  },
  "254 debug pnpm:progress": {
    "packageId": "registry.npmjs.org/nodemailer/6.7.3",
    "requester": "C:\\Users\\coola\\Desktop\\gm-parts",
    "status": "resolved"
  },
  "255 warn pnpm:install-check": {
    "message": "Unsupported engine for registry.npmjs.org/@sveltejs/kit/1.0.0-next.345: wanted: {\"node\":\">=16.7\"} (current: {\"node\":\"v14.16.0\",\"pnpm\":\"6.25.0\"})",
    "prefix": "C:\\Users\\coola\\Desktop\\gm-parts"
  },
  "256 error pnpm": {
    "code": "ERR_PNPM_UNSUPPORTED_ENGINE",
    "packageId": "registry.npmjs.org/@sveltejs/kit/1.0.0-next.345",
    "wanted": {
      "node": ">=16.7"
    },
    "current": {
      "node": "v14.16.0",
      "pnpm": "6.25.0"
    },
    "pkgsStack": [],
    "err": {
      "name": "pnpm",
      "message": "Unsupported engine for registry.npmjs.org/@sveltejs/kit/1.0.0-next.345: wanted: {\"node\":\">=16.7\"} (current: {\"node\":\"v14.16.0\",\"pnpm\":\"6.25.0\"})",
      "code": "ERR_PNPM_UNSUPPORTED_ENGINE",
      "stack": "pnpm: Unsupported engine for registry.npmjs.org/@sveltejs/kit/1.0.0-next.345: wanted: {\"node\":\">=16.7\"} (current: {\"node\":\"v14.16.0\",\"pnpm\":\"6.25.0\"})\n    at checkEngine (C:\\Users\\coola\\AppData\\Roaming\\npm\\pnpm-global\\5\\node_modules\\.pnpm\\pnpm@6.25.0\\node_modules\\pnpm\\dist\\pnpm.cjs:41270:16)\n    at checkPackage (C:\\Users\\coola\\AppData\\Roaming\\npm\\pnpm-global\\5\\node_modules\\.pnpm\\pnpm@6.25.0\\node_modules\\pnpm\\dist\\pnpm.cjs:43358:104)\n    at packageIsInstallable (C:\\Users\\coola\\AppData\\Roaming\\npm\\pnpm-global\\5\\node_modules\\.pnpm\\pnpm@6.25.0\\node_modules\\pnpm\\dist\\pnpm.cjs:43328:20)\n    at resolveAndFetch (C:\\Users\\coola\\AppData\\Roaming\\npm\\pnpm-global\\5\\node_modules\\.pnpm\\pnpm@6.25.0\\node_modules\\pnpm\\dist\\pnpm.cjs:71882:117)\n    at runMicrotasks (<anonymous>)\n    at processTicksAndRejections (internal/process/task_queues.js:93:5)\n    at async resolveDependency (C:\\Users\\coola\\AppData\\Roaming\\npm\\pnpm-global\\5\\node_modules\\.pnpm\\pnpm@6.25.0\\node_modules\\pnpm\\dist\\pnpm.cjs:114233:23)\n    at async resolveDependenciesOfDependency (C:\\Users\\coola\\AppData\\Roaming\\npm\\pnpm-global\\5\\node_modules\\.pnpm\\pnpm@6.25.0\\node_modules\\pnpm\\dist\\pnpm.cjs:114068:39)\n    at async Promise.all (index 3)\n    at async resolveDependencies (C:\\Users\\coola\\AppData\\Roaming\\npm\\pnpm-global\\5\\node_modules\\.pnpm\\pnpm@6.25.0\\node_modules\\pnpm\\dist\\pnpm.cjs:114035:29)"
    }
  }
}